This is XeTeX, Version 3.141592653-2.6-0.999997 (MiKTeX 25.4) (preloaded format=xelatex.fmt)
 restricted \write18 enabled.
entering extended mode
(机械制造基础.tex
LaTeX2e <2025-06-01> patch level 1
L3 programming layer <2025-09-02>
(E:\Program Files\MiKTeX\tex/latex/base\article.cls
Document Class: article 2025/01/22 v1.4n Standard LaTeX document class
(E:\Program Files\MiKTeX\tex/latex/base\size12.clo))
(E:\Program Files\MiKTeX\tex/latex/ctex\ctex.sty
(E:\Program Files\MiKTeX\tex/latex/l3kernel\expl3.sty
(E:\Program Files\MiKTeX\tex/latex/l3backend\l3backend-xetex.def))
(E:\Program Files\MiKTeX\tex/latex/ctex\ctexhook.sty)
(E:\Program Files\MiKTeX\tex/latex/ctex\ctexpatch.sty)
(E:\Program Files\MiKTeX\tex/latex/base\fix-cm.sty
(E:\Program Files\MiKTeX\tex/latex/base\ts1enc.def))
(E:\Program Files\MiKTeX\tex/latex/ctex/config\ctexopts.cfg)
(E:\Program Files\MiKTeX\tex/latex/ctex/engine\ctex-engine-xetex.def
(E:\Program Files\MiKTeX\tex/xelatex/xecjk\xeCJK.sty
(E:\Program Files\MiKTeX\tex/latex/l3packages/xtemplate\xtemplate.sty)
(E:\Program Files\MiKTeX\tex/latex/fontspec\fontspec.sty
(E:\Program Files\MiKTeX\tex/latex/l3packages/xparse\xparse.sty)
(E:\Program Files\MiKTeX\tex/latex/fontspec\fontspec-xetex.sty
(E:\Program Files\MiKTeX\tex/latex/base\fontenc.sty)
(E:\Program Files\MiKTeX\tex/latex/fontspec\fontspec.cfg)))
(E:\Program Files\MiKTeX\tex/xelatex/xecjk\xeCJK.cfg)))
(E:\Program Files\MiKTeX\tex/latex/zhnumber\zhnumber.sty
(E:\Program Files\MiKTeX\tex/latex/zhnumber\zhnumber-utf8.cfg))
(E:\Program Files\MiKTeX\tex/latex/ctex/scheme\ctex-scheme-chinese.def
(E:\Program Files\MiKTeX\tex/latex/ctex/config\ctex-name-utf8.cfg))
(E:\Program Files\MiKTeX\tex/latex/tools\indentfirst.sty)
(E:\Program Files\MiKTeX\tex/latex/ctex/fontset\ctex-fontset-windows.def))
(E:\Program Files\MiKTeX\tex/latex/ctex/config\ctex.cfg)
(E:\Program Files\MiKTeX\tex/latex/geometry\geometry.sty
(E:\Program Files\MiKTeX\tex/latex/graphics\keyval.sty)
(E:\Program Files\MiKTeX\tex/generic/iftex\ifvtex.sty
(E:\Program Files\MiKTeX\tex/generic/iftex\iftex.sty))
(E:\Program Files\MiKTeX\tex/latex/geometry\geometry.cfg))
(E:\Program Files\MiKTeX\tex/latex/amsmath\amsmath.sty
For additional information on amsmath, use the `?' option.
(E:\Program Files\MiKTeX\tex/latex/amsmath\amstext.sty
(E:\Program Files\MiKTeX\tex/latex/amsmath\amsgen.sty))
(E:\Program Files\MiKTeX\tex/latex/amsmath\amsbsy.sty)
(E:\Program Files\MiKTeX\tex/latex/amsmath\amsopn.sty))
(E:\Program Files\MiKTeX\tex/latex/amsfonts\amssymb.sty
(E:\Program Files\MiKTeX\tex/latex/amsfonts\amsfonts.sty))
(E:\Program Files\MiKTeX\tex/latex/booktabs\booktabs.sty)
(E:\Program Files\MiKTeX\tex/latex/makecell\makecell.sty
(E:\Program Files\MiKTeX\tex/latex/tools\array.sty))
(E:\Program Files\MiKTeX\tex/latex/tools\tabularx.sty)
(E:\Program Files\MiKTeX\tex/latex/caption\caption.sty
(E:\Program Files\MiKTeX\tex/latex/caption\caption3.sty))
(E:\Program Files\MiKTeX\tex/latex/placeins\placeins.sty)
(E:\Program Files\MiKTeX\tex/latex/ragged2e\ragged2e.sty)
(E:\Program Files\MiKTeX\tex/latex/tools\enumerate.sty)
(E:\Program Files\MiKTeX\tex/latex/enumitem\enumitem.sty)
(E:\Program Files\MiKTeX\tex/latex/setspace\setspace.sty)
(E:\Program Files\MiKTeX\tex/latex/chemfig\chemfig.sty
(E:\Program Files\MiKTeX\tex/latex/pgf/frontendlayer\tikz.sty
(E:\Program Files\MiKTeX\tex/latex/pgf/basiclayer\pgf.sty
(E:\Program Files\MiKTeX\tex/latex/pgf/utilities\pgfrcs.sty
(E:\Program Files\MiKTeX\tex/generic/pgf/utilities\pgfutil-common.tex)
(E:\Program Files\MiKTeX\tex/generic/pgf/utilities\pgfutil-latex.def)
(E:\Program Files\MiKTeX\tex/generic/pgf/utilities\pgfrcs.code.tex
(E:\Program Files\MiKTeX\tex/generic/pgf\pgf.revision.tex)))
(E:\Program Files\MiKTeX\tex/latex/pgf/basiclayer\pgfcore.sty
(E:\Program Files\MiKTeX\tex/latex/graphics\graphicx.sty
(E:\Program Files\MiKTeX\tex/latex/graphics\graphics.sty
(E:\Program Files\MiKTeX\tex/latex/graphics\trig.sty)
(E:\Program Files\MiKTeX\tex/latex/graphics-cfg\graphics.cfg)
(E:\Program Files\MiKTeX\tex/latex/graphics-def\xetex.def)))
(E:\Program Files\MiKTeX\tex/latex/pgf/systemlayer\pgfsys.sty
(E:\Program Files\MiKTeX\tex/generic/pgf/systemlayer\pgfsys.code.tex
(E:\Program Files\MiKTeX\tex/generic/pgf/utilities\pgfkeys.code.tex
(E:\Program Files\MiKTeX\tex/generic/pgf/utilities\pgfkeyslibraryfiltered.code.
tex)) (E:\Program Files\MiKTeX\tex/generic/pgf/systemlayer\pgf.cfg)
(E:\Program Files\MiKTeX\tex/generic/pgf/systemlayer\pgfsys-xetex.def
(E:\Program Files\MiKTeX\tex/generic/pgf/systemlayer\pgfsys-dvipdfmx.def
(E:\Program Files\MiKTeX\tex/generic/pgf/systemlayer\pgfsys-common-pdf.def))))
(E:\Program Files\MiKTeX\tex/generic/pgf/systemlayer\pgfsyssoftpath.code.tex)
(E:\Program Files\MiKTeX\tex/generic/pgf/systemlayer\pgfsysprotocol.code.tex))
(E:\Program Files\MiKTeX\tex/latex/xcolor\xcolor.sty
(E:\Program Files\MiKTeX\tex/latex/graphics-cfg\color.cfg)
(E:\Program Files\MiKTeX\tex/latex/graphics\mathcolor.ltx))
(E:\Program Files\MiKTeX\tex/generic/pgf/basiclayer\pgfcore.code.tex
(E:\Program Files\MiKTeX\tex/generic/pgf/math\pgfmath.code.tex
(E:\Program Files\MiKTeX\tex/generic/pgf/math\pgfmathutil.code.tex)
(E:\Program Files\MiKTeX\tex/generic/pgf/math\pgfmathparser.code.tex)
(E:\Program Files\MiKTeX\tex/generic/pgf/math\pgfmathfunctions.code.tex)
(E:\Program Files\MiKTeX\tex/generic/pgf/math\pgfmathfunctions.basic.code.tex)
(E:\Program Files\MiKTeX\tex/generic/pgf/math\pgfmathfunctions.trigonometric.co
de.tex)
(E:\Program Files\MiKTeX\tex/generic/pgf/math\pgfmathfunctions.random.code.tex)

(E:\Program Files\MiKTeX\tex/generic/pgf/math\pgfmathfunctions.comparison.code.
tex)
(E:\Program Files\MiKTeX\tex/generic/pgf/math\pgfmathfunctions.base.code.tex)
(E:\Program Files\MiKTeX\tex/generic/pgf/math\pgfmathfunctions.round.code.tex)
(E:\Program Files\MiKTeX\tex/generic/pgf/math\pgfmathfunctions.misc.code.tex)
(E:\Program Files\MiKTeX\tex/generic/pgf/math\pgfmathfunctions.integerarithmeti
cs.code.tex) (E:\Program Files\MiKTeX\tex/generic/pgf/math\pgfmathcalc.code.tex
) (E:\Program Files\MiKTeX\tex/generic/pgf/math\pgfmathfloat.code.tex))
(E:\Program Files\MiKTeX\tex/generic/pgf/math\pgfint.code.tex)
(E:\Program Files\MiKTeX\tex/generic/pgf/basiclayer\pgfcorepoints.code.tex)
(E:\Program Files\MiKTeX\tex/generic/pgf/basiclayer\pgfcorepathconstruct.code.t
ex)
(E:\Program Files\MiKTeX\tex/generic/pgf/basiclayer\pgfcorepathusage.code.tex)
(E:\Program Files\MiKTeX\tex/generic/pgf/basiclayer\pgfcorescopes.code.tex)
(E:\Program Files\MiKTeX\tex/generic/pgf/basiclayer\pgfcoregraphicstate.code.te
x)
(E:\Program Files\MiKTeX\tex/generic/pgf/basiclayer\pgfcoretransformations.code
.tex) (E:\Program Files\MiKTeX\tex/generic/pgf/basiclayer\pgfcorequick.code.tex
) (E:\Program Files\MiKTeX\tex/generic/pgf/basiclayer\pgfcoreobjects.code.tex)
(E:\Program Files\MiKTeX\tex/generic/pgf/basiclayer\pgfcorepathprocessing.code.
tex) (E:\Program Files\MiKTeX\tex/generic/pgf/basiclayer\pgfcorearrows.code.tex
) (E:\Program Files\MiKTeX\tex/generic/pgf/basiclayer\pgfcoreshade.code.tex)
(E:\Program Files\MiKTeX\tex/generic/pgf/basiclayer\pgfcoreimage.code.tex)
(E:\Program Files\MiKTeX\tex/generic/pgf/basiclayer\pgfcoreexternal.code.tex)
(E:\Program Files\MiKTeX\tex/generic/pgf/basiclayer\pgfcorelayers.code.tex)
(E:\Program Files\MiKTeX\tex/generic/pgf/basiclayer\pgfcoretransparency.code.te
x) (E:\Program Files\MiKTeX\tex/generic/pgf/basiclayer\pgfcorepatterns.code.tex
) (E:\Program Files\MiKTeX\tex/generic/pgf/basiclayer\pgfcorerdf.code.tex)))
(E:\Program Files\MiKTeX\tex/generic/pgf/modules\pgfmoduleshapes.code.tex)
(E:\Program Files\MiKTeX\tex/generic/pgf/modules\pgfmoduleplot.code.tex)
(E:\Program Files\MiKTeX\tex/latex/pgf/compatibility\pgfcomp-version-0-65.sty)
(E:\Program Files\MiKTeX\tex/latex/pgf/compatibility\pgfcomp-version-1-18.sty))
 (E:\Program Files\MiKTeX\tex/latex/pgf/utilities\pgffor.sty
(E:\Program Files\MiKTeX\tex/latex/pgf/utilities\pgfkeys.sty
(E:\Program Files\MiKTeX\tex/generic/pgf/utilities\pgfkeys.code.tex))
(E:\Program Files\MiKTeX\tex/latex/pgf/math\pgfmath.sty
(E:\Program Files\MiKTeX\tex/generic/pgf/math\pgfmath.code.tex))
(E:\Program Files\MiKTeX\tex/generic/pgf/utilities\pgffor.code.tex))
(E:\Program Files\MiKTeX\tex/generic/pgf/frontendlayer/tikz\tikz.code.tex
(E:\Program Files\MiKTeX\tex/generic/pgf/libraries\pgflibraryplothandlers.code.
tex) (E:\Program Files\MiKTeX\tex/generic/pgf/modules\pgfmodulematrix.code.tex)

(E:\Program Files\MiKTeX\tex/generic/pgf/frontendlayer/tikz/libraries\tikzlibra
rytopaths.code.tex))) (E:\Program Files\MiKTeX\tex/generic/chemfig\chemfig.tex
(E:\Program Files\MiKTeX\tex/generic/simplekv\simplekv.tex)
(E:\Program Files\MiKTeX\tex/generic/pgf/libraries\pgflibraryarrows.meta.code.t
ex))) (E:\Program Files\MiKTeX\tex/latex/tcolorbox\tcolorbox.sty
(E:\Program Files\MiKTeX\tex/latex/tools\verbatim.sty)
(E:\Program Files\MiKTeX\tex/latex/environ\environ.sty
(E:\Program Files\MiKTeX\tex/latex/trimspaces\trimspaces.sty))
(E:\Program Files\MiKTeX\tex/latex/etoolbox\etoolbox.sty))
(E:\Program Files\MiKTeX\tex/latex/colortbl\colortbl.sty)
(E:\Program Files\MiKTeX\tex/latex/siunitx\siunitx.sty
(E:\Program Files\MiKTeX\tex/latex/translations\translations.sty
(E:\Program Files\MiKTeX\tex/generic/pdftexcmds\pdftexcmds.sty
(E:\Program Files\MiKTeX\tex/generic/infwarerr\infwarerr.sty)
(E:\Program Files\MiKTeX\tex/generic/ltxcmds\ltxcmds.sty))))
(E:\Program Files\MiKTeX\tex/latex/fancyhdr\fancyhdr.sty)
(E:\Program Files\MiKTeX\tex/latex/titlesec\titlesec.sty)
(E:\Program Files\MiKTeX\tex/generic/pgf/frontendlayer/tikz/libraries\tikzlibra
rypositioning.code.tex)
(E:\Program Files\MiKTeX\tex/generic/pgf/frontendlayer/tikz/libraries\tikzlibra
rypatterns.code.tex
(E:\Program Files\MiKTeX\tex/generic/pgf/libraries\pgflibrarypatterns.code.tex)
) (D:\latex0223\note\机械制造\auxil\机械制造基础.aux)
*geometry* driver: auto-detecting
*geometry* detected driver: xetex

(E:\Program Files\MiKTeX\tex/latex/translations/dicts\translations-basic-dictio
nary-english.trsl) (E:\Program Files\MiKTeX\tex/latex/amsfonts\umsa.fd)
(E:\Program Files\MiKTeX\tex/latex/amsfonts\umsb.fd)
[1] (D:\latex0223\note\机械制造\auxil\机械制造基础.toc
[2]
[3])
[4]
[5]
[6]
[7]
Overfull \vbox (152.64885pt too high) has occurred while \output is active
[8]
[9]
[10]
[11]
[12]
Overfull \vbox (58.9682pt too high) has occurred while \output is active
[13]
[14]
[15]
[16]
[17]
[18]
[19]
[20]
Overfull \vbox (199.94843pt too high) has occurred while \output is active
[21]
[22]
[23]
[24]
[25]
[26]
[27]
[28]
[29]
[30]
[31]
[32]
[33]
[34]
[35]
[36]
[37]
[38]
[39]
[40]
[41]
[42]
[43]
Overfull \vbox (97.61134pt too high) has occurred while \output is active
[44]
[45]
[46]
[47]
[48]
[49]
[50]
[51]
[52]
[53]
[54]
[55]
[56]
[57]
[58]
[59]
[60]
[61]
[62]
[63]
[64]
[65]
[66]
[67]
[68]
[69]
[70] (D:\latex0223\note\机械制造\auxil\机械制造基础.aux) )
(see the transcript file for additional information)
Output written on D:\latex0223\note\机械制造\out\机械制造基础.pdf (70 pages).
SyncTeX written on D:\latex0223\note\机械制造\out/机械制造基础.synctex.gz.
Transcript written on D:\latex0223\note\机械制造\auxil\机械制造基础.log.
