\BOOKMARK [1][-]{section.1}{\376\377\117\177\165\050\213\364\146\016}{}% 1
\BOOKMARK [1][-]{section.2}{\376\377\213\376\172\013\133\374\133\146}{}% 2
\BOOKMARK [1][-]{section.3}{\376\377\173\054\116\000\172\340\000\040\176\352\213\272}{}% 3
\BOOKMARK [2][-]{subsection.3.1}{\376\377\221\315\160\271\220\037\213\260}{section.3}% 4
\BOOKMARK [2][-]{subsection.3.2}{\376\377\200\003\160\271\143\320\221\222}{section.3}% 5
\BOOKMARK [1][-]{section.4}{\376\377\173\054\116\214\172\340\000\040\147\072\150\260\122\240\135\345\123\312\213\276\131\007\166\204\127\372\170\100\164\006\213\272}{}% 6
\BOOKMARK [2][-]{subsection.4.1}{\376\377\221\321\134\136\122\007\122\112\127\372\147\054\167\345\213\306}{section.4}% 7
\BOOKMARK [2][-]{subsection.4.2}{\376\377\122\000\121\167\121\340\117\125\116\016\122\007\122\112\134\102\123\302\145\160}{section.4}% 8
\BOOKMARK [2][-]{subsection.4.3}{\376\377\122\007\122\112\217\307\172\013\060\001\122\007\122\112\122\233\060\001\122\007\122\112\160\355\060\001\122\000\121\167\133\377\124\175}{section.4}% 9
\BOOKMARK [1][-]{section.5}{\376\377\173\054\116\011\172\340\000\040\122\007\122\112\147\141\116\366\166\204\124\010\164\006\220\011\142\351\123\312\122\000\121\167\166\204\220\011\142\351}{}% 10
\BOOKMARK [2][-]{subsection.5.1}{\376\377\135\345\116\366\147\120\145\231\122\007\122\112\122\240\135\345\140\047}{section.5}% 11
\BOOKMARK [2][-]{subsection.5.2}{\376\377\122\000\121\167\147\120\145\231\116\016\122\007\122\112\155\262}{section.5}% 12
\BOOKMARK [2][-]{subsection.5.3}{\376\377\122\007\122\112\123\302\145\160\220\011\142\351\230\172\136\217}{section.5}% 13
\BOOKMARK [1][-]{section.6}{\376\377\173\054\126\333\172\340\000\040\217\146\122\112\122\240\135\345\123\312\146\156\220\032\217\146\136\212}{}% 14
\BOOKMARK [2][-]{subsection.6.1}{\376\377\221\315\160\271\220\037\213\260}{section.6}% 15
\BOOKMARK [2][-]{subsection.6.2}{\376\377\136\070\211\301\225\356\173\124}{section.6}% 16
\BOOKMARK [1][-]{section.7}{\376\377\173\054\116\224\172\340\000\040\121\166\116\326\121\170\127\213\122\007\122\112\122\240\135\345\145\271\154\325\116\016\213\276\131\007}{}% 17
\BOOKMARK [2][-]{subsection.7.1}{\376\377\224\343\122\112\060\001\224\273\122\112\060\001\225\127\122\112\060\001\237\177\217\156\122\240\135\345}{section.7}% 18
\BOOKMARK [2][-]{subsection.7.2}{\376\377\162\171\171\315\122\240\135\345}{section.7}% 19
\BOOKMARK [1][-]{section.8}{\376\377\173\054\121\155\172\340\000\040\170\350\122\112}{}% 20
\BOOKMARK [2][-]{subsection.8.1}{\376\377\170\002\217\156\162\171\140\047\116\016\220\011\142\351}{section.8}% 21
\BOOKMARK [2][-]{subsection.8.2}{\376\377\170\350\122\112\217\320\122\250\060\001\170\350\122\112\122\233\116\016\156\051\136\246}{section.8}% 22
\BOOKMARK [2][-]{subsection.8.3}{\376\377\121\110\217\333\170\350\122\112\145\271\154\325}{section.8}% 23
\BOOKMARK [1][-]{section.9}{\376\377\173\054\121\153\172\340\000\040\147\072\150\260\122\240\135\345\135\345\202\172\211\304\172\013\166\204\122\066\133\232}{}% 24
\BOOKMARK [2][-]{subsection.9.1}{\376\377\150\070\137\303\150\106\147\266}{section.9}% 25
\BOOKMARK [2][-]{subsection.9.2}{\376\377\215\357\176\277\142\337\213\242\123\237\122\031}{section.9}% 26
\BOOKMARK [2][-]{subsection.9.3}{\376\377\135\345\202\172\134\072\133\370\224\376}{section.9}% 27
\BOOKMARK [1][-]{section.10}{\376\377\173\054\116\135\172\340\000\040\135\345\116\366\127\050\147\072\136\212\116\012\166\204\133\211\210\305}{}% 28
\BOOKMARK [2][-]{subsection.10.1}{\376\377\121\155\160\271\133\232\117\115\123\237\164\006}{section.10}% 29
\BOOKMARK [2][-]{subsection.10.2}{\376\377\133\232\117\115\213\357\135\356}{section.10}% 30
\BOOKMARK [1][-]{section.11}{\376\377\173\054\123\101\172\340\000\040\147\072\150\260\122\240\135\345\174\276\136\246}{}% 31
\BOOKMARK [2][-]{subsection.11.1}{\376\377\127\372\147\054\151\202\137\365}{section.11}% 32
\BOOKMARK [2][-]{subsection.11.2}{\376\377\213\357\135\356\147\145\156\220\116\016\143\247\122\066}{section.11}% 33
\BOOKMARK [1][-]{section.12}{\376\377\173\054\123\101\116\214\172\340\000\040\210\305\221\115\135\345\202\172}{}% 34
\BOOKMARK [2][-]{subsection.12.1}{\376\377\210\305\221\115\174\276\136\246\117\335\213\301\145\271\154\325}{section.12}% 35
\BOOKMARK [2][-]{subsection.12.2}{\376\377\210\305\221\115\135\345\202\172\166\356\150\007}{section.12}% 36
\BOOKMARK [1][-]{section.13}{\376\377\173\054\123\101\116\011\172\340\000\040\121\110\217\333\122\066\220\040\142\200\147\057}{}% 37
\BOOKMARK [2][-]{subsection.13.1}{\376\377\135\345\116\032\0004\000.\0000\116\016\146\172\200\375\122\066\220\040}{section.13}% 38
\BOOKMARK [2][-]{subsection.13.2}{\376\377\130\236\147\120\122\066\220\040\377\010\0003\000D\142\123\123\160\377\011}{section.13}% 39
\BOOKMARK [1][-]{section.14}{\376\377\173\054\123\101\126\333\172\340\000\040\176\377\202\162\122\066\220\040\142\200\147\057}{}% 40
\BOOKMARK [2][-]{subsection.14.1}{\376\377\176\377\202\162\122\066\220\040\116\016\176\377\202\162\213\276\213\241}{section.14}% 41
\BOOKMARK [2][-]{subsection.14.2}{\376\377\156\005\155\001\165\037\116\247\116\016\141\017\116\111}{section.14}% 42
\BOOKMARK [1][-]{section.15}{\376\377\147\037\147\053\131\015\116\140\156\005\123\125\377\010\136\372\213\256\166\364\143\245\200\314\213\365\377\011}{}% 43
